¿Cuantos visitantes recibe Louvre?
Louvre,visitantes
SELECT DISTINCT ?c WHERE {dbr:Louvre dbo:numberOfVisitors ?c}RESPUESTAS 
---------------------------------------
¿Cuantos turistas recibe Louvre?
Louvre,turistas
SELECT DISTINCT ?c WHERE {dbr:Louvre dbo:numberOfVisitors ?c}RESPUESTAS 
---------------------------------------
¿Cuantos invitados recibe Louvre?
Louvre,invitados
SELECT DISTINCT ?c WHERE {dbr:Louvre dbo:numberOfVisitors ?c}RESPUESTAS 
---------------------------------------
¿Cuanto se gasto en Pulp Fiction?
gasto,Pulp Fiction
SELECT DISTINCT ?c WHERE {  <http://dbpedia.org/resource/Pulp_Fiction> <http://dbpedia.org/ontology/budget> ?c . }RESPUESTAS 
---------------------------------------
¿Cual es la talla de Claudia Schiffer?
talla,Claudia Schiffer
SELECT DISTINCT ?c WHERE {dbr:Claudia_Schiffer dbo:height ?c .}RESPUESTAS 
http://dbpedia.org/resource/Matthew_Vaughn----Model: 
---------------------------------------
¿Cual es la elevacion de Claudia Schiffer?
elevacion,Claudia Schiffer
SELECT DISTINCT ?c WHERE {dbr:Claudia_Schiffer dbo:height ?c .}RESPUESTAS 
http://dbpedia.org/resource/Matthew_Vaughn----Model: 
---------------------------------------
¿Que libro tiene el mayor cifra de paginas?
libro, mayor cifra de paginas
SELECT DISTINCT ?uri WHERE {?uri a dbo:Book . ?uri dbo:numberOfPages ?n .} ORDER BY DESC(?n) OFFSET 0 LIMIT 1RESPUESTAS 
http://dbpedia.org/resource/Selling_Blue_Elephants----Model: 
---------------------------------------
